<?xml version="1.0" encoding="UTF-8"?>
<!-- Generated by org.testng.reporters.JUnitReportReporter -->
<testsuite hostname="UBVPNN7370" failures="0" tests="2" name="Unit_Testing_Tool.FirstProgram" time="58.235" errors="0" timestamp="2023-09-03T12:38:48 IST" skipped="0">
  <testcase classname="Unit_Testing_Tool.FirstProgram" name="zomato" time="12.541">
    <system-out>
      <![CDATA[Swiggy page is launched]]>
    </system-out>
  </testcase> <!-- zomato -->
  <testcase classname="Unit_Testing_Tool.FirstProgram" name="swiggy" time="45.694">
    <system-out>
      <![CDATA[Swiggy page is launched]]>
    </system-out>
  </testcase> <!-- swiggy -->
  <system-out>
    <![CDATA[Swiggy page is launched
Swiggy page is launched]]>
  </system-out>
</testsuite> <!-- Unit_Testing_Tool.FirstProgram -->
