<?xml version="1.0" encoding="UTF-8"?>
<!-- Generated by org.testng.reporters.JUnitReportReporter -->
<testsuite hostname="UBVPNN7370" failures="0" tests="5" name="Unit_Testing_Tool.FirstProgram1global" time="166.674" errors="0" timestamp="2023-09-03T14:10:30 IST" skipped="0">
  <testcase classname="Unit_Testing_Tool.FirstProgram1global" name="Testyantra" time="34.017">
    <system-out>
      <![CDATA[Test Yantra home page is displayed]]>
    </system-out>
  </testcase> <!-- Testyantra -->
  <testcase classname="Unit_Testing_Tool.FirstProgram1global" name="Infogain" time="12.803">
    <system-out>
      <![CDATA[Infogain home page is displayed]]>
    </system-out>
  </testcase> <!-- Infogain -->
  <testcase classname="Unit_Testing_Tool.FirstProgram1global" name="Collabera" time="73.769">
    <system-out>
      <![CDATA[Collabera home page is displayed]]>
    </system-out>
  </testcase> <!-- Collabera -->
  <testcase classname="Unit_Testing_Tool.FirstProgram1global" name="Infosys" time="10.733">
    <system-out>
      <![CDATA[Infosys home page is displayed]]>
    </system-out>
  </testcase> <!-- Infosys -->
  <testcase classname="Unit_Testing_Tool.FirstProgram1global" name="Wipro" time="35.352">
    <system-out>
      <![CDATA[Wipro home page is displayed]]>
    </system-out>
  </testcase> <!-- Wipro -->
  <system-out>
    <![CDATA[Collabera home page is displayed
Infogain home page is displayed
Infosys home page is displayed
Test Yantra home page is displayed
Wipro home page is displayed]]>
  </system-out>
</testsuite> <!-- Unit_Testing_Tool.FirstProgram1global -->
